<?xml version="1.0" encoding="UTF-8"?>
<!-- Generated by org.testng.reporters.JUnitReportReporter -->
<testsuite hostname="DESKTOP-ULS81EL" failures="0" tests="1" name="api.test.Age_API_Test" time="6.573" errors="0" timestamp="2025-03-31T21:25:44 EDT" skipped="0">
  <testcase classname="api.test.Age_API_Test" name="testPostUser" time="6.573"/>
</testsuite> <!-- api.test.Age_API_Test -->
